<?xml version="1.0" encoding="UTF-8"?>
<testsuite name="AppTest" tests="4" skipped="0" failures="0" errors="0" timestamp="2016-02-11T16:56:30" hostname="epicodus-62.local" time="0.167">
  <properties/>
  <testcase name="getChange_changeCentToPenny_penny" classname="AppTest" time="0.003"/>
  <testcase name="rootTest" classname="AppTest" time="0.149"/>
  <testcase name="getChange_changeCentsToPennies_pennies" classname="AppTest" time="0.001"/>
  <testcase name="getChange_changeCentsToNickel_nickel" classname="AppTest" time="0.0"/>
  <system-out><![CDATA[]]></system-out>
  <system-err><![CDATA[]]></system-err>
</testsuite>
