<?xml version="1.0" encoding="UTF-8"?>
<testsuite name="AppTest" tests="8" skipped="0" failures="0" errors="0" timestamp="2016-02-11T19:15:16" hostname="epicodus-62.local" time="0.331">
  <properties/>
  <testcase name="getChange_changeCentToPenny_penny" classname="AppTest" time="0.003"/>
  <testcase name="getChange_changeCentsToQuarter_quarter" classname="AppTest" time="0.0"/>
  <testcase name="getChange_changeCentsToDime_dimes" classname="AppTest" time="0.0"/>
  <testcase name="getChange_changeCentsToDime_dime" classname="AppTest" time="0.001"/>
  <testcase name="rootTest" classname="AppTest" time="0.298"/>
  <testcase name="getChange_changeCentsToMixedCoins_coins" classname="AppTest" time="0.0"/>
  <testcase name="getChange_changeCentsToPennies_pennies" classname="AppTest" time="0.0"/>
  <testcase name="getChange_changeCentsToNickel_nickel" classname="AppTest" time="0.0"/>
  <system-out><![CDATA[]]></system-out>
  <system-err><![CDATA[[Thread-4] INFO spark.webserver.SparkServer - == Spark has ignited ...
[Thread-4] INFO spark.webserver.SparkServer - >> Listening on 0.0.0.0:4567
[Thread-4] INFO org.eclipse.jetty.server.Server - jetty-9.0.2.v20130417
[Thread-4] INFO org.eclipse.jetty.server.ServerConnector - Started ServerConnector@61218ffc{HTTP/1.1}{0.0.0.0:4567}
Feb 11, 2016 11:15:16 AM com.gargoylesoftware.htmlunit.html.InputElementFactory createElementNS
INFO: Bad input type: "number", creating a text input
[Test worker] INFO spark.webserver.SparkServer - >>> Spark shutting down ...
[Test worker] INFO org.eclipse.jetty.server.Server - Graceful shutdown org.eclipse.jetty.server.Server@6a2b6314 by 
[Test worker] INFO org.eclipse.jetty.server.ServerConnector - Stopped ServerConnector@61218ffc{HTTP/1.1}{0.0.0.0:4567}
[Test worker] INFO spark.webserver.SparkServer - done
]]></system-err>
</testsuite>
